[2018-02-19 02:33:59,463] [main] [Listening on port 4560]
[2018-02-19 02:39:42,467] [main] [Listening on port 4560]
[2018-02-19 02:42:55,283] [main] [Listening on port 4560]
[2018-02-19 02:43:18,110] [main] [Listening on port 4560]
[2018-02-19 02:43:18,119] [main] [Waiting to accept a new client.]
[2018-02-19 02:43:28,749] [main] [Connected to client at /127.0.0.1]
[2018-02-19 02:43:28,749] [main] [Starting new socket node.]
[2018-02-19 02:43:28,752] [main] [Waiting to accept a new client.]
[2018-02-19 02:43:28,752] [main] [log4j SocketAppender Test!]
[2018-02-19 02:43:28,760] [main] [특수문자 테스트 : 'ㄴㅇㄹㄴㅇㄹ' + !@#$%^&*()-=_+[]{},./<>?;':~]
[2018-02-19 02:43:28,766] [SimpleSocketServer-4560] [Caught java.io.EOFException closing conneciton.]
[2018-02-19 02:44:48,513] [main] [Connected to client at /127.0.0.1]
[2018-02-19 02:44:48,513] [main] [Starting new socket node.]
[2018-02-19 02:44:48,514] [main] [Waiting to accept a new client.]
[2018-02-19 02:44:48,517] [main] [log4j SocketAppender Test!]
[2018-02-19 02:44:48,524] [main] [특수문자 테스트 : 'ㄴㅇㄹㄴㅇㄹ' + !@#$%^&*()-=_+[]{},./<>?;':~]
[2018-02-19 02:44:48,528] [SimpleSocketServer-4560] [Caught java.io.EOFException closing conneciton.]
[2018-02-19 02:44:49,491] [main] [Connected to client at /127.0.0.1]
[2018-02-19 02:44:49,491] [main] [Starting new socket node.]
[2018-02-19 02:44:49,492] [main] [Waiting to accept a new client.]
[2018-02-19 02:44:49,494] [main] [log4j SocketAppender Test!]
[2018-02-19 02:44:49,502] [main] [특수문자 테스트 : 'ㄴㅇㄹㄴㅇㄹ' + !@#$%^&*()-=_+[]{},./<>?;':~]
[2018-02-19 02:44:49,506] [SimpleSocketServer-4560] [Caught java.io.EOFException closing conneciton.]
[2018-02-19 02:47:07,493] [main] [Listening on port 4560]
[2018-02-19 02:47:07,502] [main] [Waiting to accept a new client.]
[2018-02-19 02:47:12,763] [main] [Connected to client at /127.0.0.1]
[2018-02-19 02:47:12,763] [main] [Starting new socket node.]
[2018-02-19 02:47:12,766] [main] [Waiting to accept a new client.]
[2018-02-19 02:47:12,781] [SimpleSocketServer-4560] [Caught java.io.EOFException closing conneciton.]
[2018-02-19 02:48:17,420] [main] [Connected to client at /127.0.0.1]
[2018-02-19 02:48:17,420] [main] [Starting new socket node.]
[2018-02-19 02:48:17,422] [main] [Waiting to accept a new client.]
[2018-02-19 02:48:17,425] [main] [log4j SocketAppender Test!]
[2018-02-19 02:48:17,432] [main] [특수문자 테스트 : 'ㄴㅇㄹㄴㅇㄹ' + !@#$%^&*()-=_+[]{},./<>?;':~]
[2018-02-19 02:48:17,437] [SimpleSocketServer-4560] [Caught java.io.EOFException closing conneciton.]
[2018-02-19 02:52:29,950] [main] [Listening on port 4560]
[2018-02-19 02:52:29,960] [main] [Waiting to accept a new client.]
[2018-02-19 02:52:33,074] [main] [Connected to client at /127.0.0.1]
[2018-02-19 02:52:33,074] [main] [Starting new socket node.]
[2018-02-19 02:52:33,077] [main] [Waiting to accept a new client.]
[2018-02-19 02:52:33,077] [main] [log4j SocketAppender Test!]
[2018-02-19 02:52:33,086] [main] [특수문자 테스트 : 'ㄴㅇㄹㄴㅇㄹ' + !@#$%^&*()-=_+[]{},./<>?;':~]
[2018-02-19 02:52:33,092] [SimpleSocketServer-4560] [Caught java.io.EOFException closing conneciton.]
